<?xml version="1.0" encoding="UTF-8"?>
<!-- Generated by org.testng.reporters.JUnitReportReporter -->
<testsuite hostname="DESKTOP-0R7CCN9" failures="0" tests="5" name="Regression.FreshiiProject.FWA_012" time="4.512" errors="0" timestamp="2022-01-09T20:01:09 EST" skipped="0">
  <testcase classname="Regression.FreshiiProject.FWA_012" name="Loginpagenavigation" time="0.334"/>
  <system-out/>
  <testcase classname="Regression.FreshiiProject.FWA_012" name="clickordernow" time="0.598"/>
  <system-out/>
  <testcase classname="Regression.FreshiiProject.FWA_012" name="clickonlocation" time="1.697"/>
  <system-out/>
  <testcase classname="Regression.FreshiiProject.FWA_012" name="selectjuices" time="1.340"/>
  <system-out/>
  <testcase classname="Regression.FreshiiProject.FWA_012" name="confirmselecteddrink" time="0.543"/>
  <system-out/>
</testsuite> <!-- Regression.FreshiiProject.FWA_012 -->
